Arguments: 
  /usr/local/bin/node /usr/local/Cellar/yarn/1.15.2/libexec/bin/yarn.js add -D -W prettier

PATH: 
  /usr/local/bin:/usr/bin:/bin:/usr/sbin:/sbin

Yarn version: 
  1.15.2

Node version: 
  10.15.3

Platform: 
  darwin x64

Trace: 
  SyntaxError: /Users/samgrinis/learn-how-to-use-immutable-js/package.json: Unexpected token } in JSON at position 204
      at JSON.parse (<anonymous>)
      at /usr/local/Cellar/yarn/1.15.2/libexec/lib/cli.js:1625:59
      at Generator.next (<anonymous>)
      at step (/usr/local/Cellar/yarn/1.15.2/libexec/lib/cli.js:304:30)
      at /usr/local/Cellar/yarn/1.15.2/libexec/lib/cli.js:315:13

npm manifest: 
  {
    "slug": "learn-how-to-use-immutable-js",
    
    "dependencies": {
     "Lodash": "7.1.0",
     "Mocha": "7.1.0",
     "Chai": "7.0.0",
     "react": "7.0.0",
     "react-dom": "7.1.0",
     "immutable": "7.0.0",
  
   },
    "reviews": [
     {
       "performedOn": "2019-02-27",
       "performedBy": "Sam Grinis",
       "scopeOfReview": "full course lesson review",
       "notes": [
         {
           "type": "minor issue",
           "title": "CodeSandbox compatibility",
           "details": "Removed compat for JsBin and added compat for CodeSandbox",
           "lessons": "all",
           "dependency": "Lodash, Mocah, Chai, react, react-dom, immutable"
         }
       ]
     }
   ]
  }

yarn manifest: 
  No manifest

Lockfile: 
  No lockfile
